[debug] [2021-02-23T21:13:51.297Z] ----------------------------------------------------------------------
[debug] [2021-02-23T21:13:51.300Z] Command:       /usr/local/bin/node /usr/local/bin/firebase emulators:start --only functions
[debug] [2021-02-23T21:13:51.300Z] CLI Version:   8.16.2
[debug] [2021-02-23T21:13:51.301Z] Platform:      darwin
[debug] [2021-02-23T21:13:51.301Z] Node Version:  v12.18.2
[debug] [2021-02-23T21:13:51.306Z] Time:          Tue Feb 23 2021 13:13:51 GMT-0800 (Pacific Standard Time)
[debug] [2021-02-23T21:13:51.306Z] ----------------------------------------------------------------------
[debug] [2021-02-23T21:13:51.306Z] 
[debug] [2021-02-23T21:13:51.317Z] > command requires scopes: ["email","openid","https://www.googleapis.com/auth/cloudplatformprojects.readonly","https://www.googleapis.com/auth/firebase","https://www.googleapis.com/auth/cloud-platform"]
[debug] [2021-02-23T21:13:51.317Z] > authorizing via signed-in user
[info] i  emulators: Starting emulators: functions {"metadata":{"emulator":{"name":"hub"},"message":"Starting emulators: functions"}}
[debug] [2021-02-23T21:13:51.335Z] [hub] writing locator at /var/folders/73/nxr5vzmj7rdflfml_gd0988r0000gn/T/hub-ecommerce-demo-84728.json
[warn] ⚠  functions: The following emulators are not running, calls to these services from the Functions emulator will affect production: auth, firestore, database, hosting, pubsub {"metadata":{"emulator":{"name":"functions"},"message":"The following emulators are not running, calls to these services from the Functions emulator will affect production: \u001b[1mauth, firestore, database, hosting, pubsub\u001b[22m"}}
[info] ✔  functions: Using node@12 from host. {"metadata":{"emulator":{"name":"functions"},"message":"Using node@12 from host."}}
[debug] [2021-02-23T21:13:51.374Z] defaultcredentials: writing to file /Users/anzunk/.config/firebase/anzunakayama_gmail_com_application_default_credentials.json
[debug] [2021-02-23T21:13:51.382Z] Setting GAC to /Users/anzunk/.config/firebase/anzunakayama_gmail_com_application_default_credentials.json {"metadata":{"emulator":{"name":"functions"},"message":"Setting GAC to /Users/anzunk/.config/firebase/anzunakayama_gmail_com_application_default_credentials.json"}}
[warn] ⚠  ui: Emulator UI unable to start on port 4000, starting on 4014 instead. {"metadata":{"emulator":{"name":"ui"},"message":"Emulator UI unable to start on port 4000, starting on 4014 instead."}}
[debug] [2021-02-23T21:13:51.679Z] Ignoring unsupported arg: auto_download {"metadata":{"emulator":{"name":"ui"},"message":"Ignoring unsupported arg: auto_download"}}
[debug] [2021-02-23T21:13:51.679Z] Ignoring unsupported arg: port {"metadata":{"emulator":{"name":"ui"},"message":"Ignoring unsupported arg: port"}}
[debug] [2021-02-23T21:13:51.679Z] Starting Emulator UI with command {"binary":"node","args":["/Users/anzunk/.cache/firebase/emulators/ui-v1.2.2/server.bundle.js"],"optionalArgs":[],"joinArgs":false} {"metadata":{"emulator":{"name":"ui"},"message":"Starting Emulator UI with command {\"binary\":\"node\",\"args\":[\"/Users/anzunk/.cache/firebase/emulators/ui-v1.2.2/server.bundle.js\"],\"optionalArgs\":[],\"joinArgs\":false}"}}
[info] i  ui: Emulator UI logging to ui-debug.log {"metadata":{"emulator":{"name":"ui"},"message":"Emulator UI logging to \u001b[1mui-debug.log\u001b[22m"}}
[debug] [2021-02-23T21:13:51.842Z] Web / API server started at http://localhost:4014
 {"metadata":{"emulator":{"name":"ui"},"message":"Web / API server started at http://localhost:4014\n"}}
[info] i  functions: Watching "/Users/anzunk/Documents/github/ecommerce-demo/functions" for Cloud Functions... {"metadata":{"emulator":{"name":"functions"},"message":"Watching \"/Users/anzunk/Documents/github/ecommerce-demo/functions\" for Cloud Functions..."}}
[debug] [2021-02-23T21:13:51.973Z] [worker-pool] addWorker(~diagnostic~) {"metadata":{"emulator":{"name":"functions"},"message":"[worker-pool] addWorker(~diagnostic~)"}}
[debug] [2021-02-23T21:13:51.974Z] [worker-pool] Adding worker with key ~diagnostic~, total=1 {"metadata":{"emulator":{"name":"functions"},"message":"[worker-pool] Adding worker with key ~diagnostic~, total=1"}}
[debug] [2021-02-23T21:13:51.974Z] [worker-pool] submitWork(triggerId=) {"metadata":{"emulator":{"name":"functions"},"message":"[worker-pool] submitWork(triggerId=)"}}
[debug] [2021-02-23T21:13:51.974Z] [worker-~diagnostic~-cb28d6c3-d241-421f-864f-506825b34292]: Assigning socketPath: /var/folders/73/nxr5vzmj7rdflfml_gd0988r0000gn/T/fire_emu_32330.sock {"metadata":{"emulator":{"name":"functions"},"message":"[worker-~diagnostic~-cb28d6c3-d241-421f-864f-506825b34292]: Assigning socketPath: /var/folders/73/nxr5vzmj7rdflfml_gd0988r0000gn/T/fire_emu_32330.sock"}}
[debug] [2021-02-23T21:13:51.974Z] [worker-~diagnostic~-cb28d6c3-d241-421f-864f-506825b34292]: BUSY {"metadata":{"emulator":{"name":"functions"},"message":"[worker-~diagnostic~-cb28d6c3-d241-421f-864f-506825b34292]: BUSY"}}
[debug] [2021-02-23T21:13:52.307Z] [runtime-status] [32330] Functions runtime initialized. {"cwd":"/Users/anzunk/Documents/github/ecommerce-demo/functions","node_version":"12.18.2"} {"metadata":{"emulator":{"name":"functions"},"message":"[runtime-status] [32330] Functions runtime initialized. {\"cwd\":\"/Users/anzunk/Documents/github/ecommerce-demo/functions\",\"node_version\":\"12.18.2\"}"}}
[debug] [2021-02-23T21:13:52.307Z] [runtime-status] [32330] Disabled runtime features: undefined {"metadata":{"emulator":{"name":"functions"},"message":"[runtime-status] [32330] Disabled runtime features: undefined"}}
[debug] [2021-02-23T21:13:52.319Z] [runtime-status] [32330] Resolved module firebase-admin {"declared":true,"installed":true,"version":"9.4.1","resolution":"/Users/anzunk/Documents/github/ecommerce-demo/functions/node_modules/firebase-admin/lib/index.js"} {"metadata":{"emulator":{"name":"functions"},"message":"[runtime-status] [32330] Resolved module firebase-admin {\"declared\":true,\"installed\":true,\"version\":\"9.4.1\",\"resolution\":\"/Users/anzunk/Documents/github/ecommerce-demo/functions/node_modules/firebase-admin/lib/index.js\"}"}}
[debug] [2021-02-23T21:13:52.324Z] [runtime-status] [32330] Resolved module firebase-functions {"declared":true,"installed":true,"version":"3.13.1","resolution":"/Users/anzunk/Documents/github/ecommerce-demo/functions/node_modules/firebase-functions/lib/index.js"} {"metadata":{"emulator":{"name":"functions"},"message":"[runtime-status] [32330] Resolved module firebase-functions {\"declared\":true,\"installed\":true,\"version\":\"3.13.1\",\"resolution\":\"/Users/anzunk/Documents/github/ecommerce-demo/functions/node_modules/firebase-functions/lib/index.js\"}"}}
[debug] [2021-02-23T21:13:52.325Z] [runtime-status] [32330] Found local functions config: /Users/anzunk/Documents/github/ecommerce-demo/functions/.runtimeconfig.json {"metadata":{"emulator":{"name":"functions"},"message":"[runtime-status] [32330] Found local functions config: /Users/anzunk/Documents/github/ecommerce-demo/functions/.runtimeconfig.json"}}
[debug] [2021-02-23T21:13:52.326Z] [runtime-status] [32330] Resolved module firebase-functions {"declared":true,"installed":true,"version":"3.13.1","resolution":"/Users/anzunk/Documents/github/ecommerce-demo/functions/node_modules/firebase-functions/lib/index.js"} {"metadata":{"emulator":{"name":"functions"},"message":"[runtime-status] [32330] Resolved module firebase-functions {\"declared\":true,\"installed\":true,\"version\":\"3.13.1\",\"resolution\":\"/Users/anzunk/Documents/github/ecommerce-demo/functions/node_modules/firebase-functions/lib/index.js\"}"}}
[debug] [2021-02-23T21:13:52.328Z] [runtime-status] [32330] Outgoing network have been stubbed. [{"name":"http","status":"mocked"},{"name":"http","status":"mocked"},{"name":"https","status":"mocked"},{"name":"https","status":"mocked"},{"name":"net","status":"mocked"}] {"metadata":{"emulator":{"name":"functions"},"message":"[runtime-status] [32330] Outgoing network have been stubbed. [{\"name\":\"http\",\"status\":\"mocked\"},{\"name\":\"http\",\"status\":\"mocked\"},{\"name\":\"https\",\"status\":\"mocked\"},{\"name\":\"https\",\"status\":\"mocked\"},{\"name\":\"net\",\"status\":\"mocked\"}]"}}
[debug] [2021-02-23T21:13:52.328Z] [runtime-status] [32330] Resolved module firebase-functions {"declared":true,"installed":true,"version":"3.13.1","resolution":"/Users/anzunk/Documents/github/ecommerce-demo/functions/node_modules/firebase-functions/lib/index.js"} {"metadata":{"emulator":{"name":"functions"},"message":"[runtime-status] [32330] Resolved module firebase-functions {\"declared\":true,\"installed\":true,\"version\":\"3.13.1\",\"resolution\":\"/Users/anzunk/Documents/github/ecommerce-demo/functions/node_modules/firebase-functions/lib/index.js\"}"}}
[debug] [2021-02-23T21:13:52.402Z] [runtime-status] [32330] Checked functions.config() {"config":{"stripe":{"token":"sk_test_51I92u2A9KooaP4x9UiZTz2pW2jUUHcyIPNvr7TPcXjIIoKhi8sy8K1rr7Ce40MnPaPaz2dQPSSczumIFfg6jXKgo00vHvc7X5D","secret_token":"sk_test_51I92u2A9KooaP4x9UiZTz2pW2jUUHcyIPNvr7TPcXjIIoKhi8sy8K1rr7Ce40MnPaPaz2dQPSSczumIFfg6jXKgo00vHvc7X5D","key":"“sk_test_51I92u2A9KooaP4x9UiZTz2pW2jUUHcyIPNvr7TPcXjIIoKhi8sy8K1rr7Ce40MnPaPaz2dQPSSczumIFfg6jXKgo00vHvc7X5D”"},"config":{"key":"“sk_test_51I92u2A9KooaP4x9UiZTz2pW2jUUHcyIPNvr7TPcXjIIoKhi8sy8K1rr7Ce40MnPaPaz2dQPSSczumIFfg6jXKgo00vHvc7X5D”"}}} {"metadata":{"emulator":{"name":"functions"},"message":"[runtime-status] [32330] Checked functions.config() {\"config\":{\"stripe\":{\"token\":\"sk_test_51I92u2A9KooaP4x9UiZTz2pW2jUUHcyIPNvr7TPcXjIIoKhi8sy8K1rr7Ce40MnPaPaz2dQPSSczumIFfg6jXKgo00vHvc7X5D\",\"secret_token\":\"sk_test_51I92u2A9KooaP4x9UiZTz2pW2jUUHcyIPNvr7TPcXjIIoKhi8sy8K1rr7Ce40MnPaPaz2dQPSSczumIFfg6jXKgo00vHvc7X5D\",\"key\":\"“sk_test_51I92u2A9KooaP4x9UiZTz2pW2jUUHcyIPNvr7TPcXjIIoKhi8sy8K1rr7Ce40MnPaPaz2dQPSSczumIFfg6jXKgo00vHvc7X5D”\"},\"config\":{\"key\":\"“sk_test_51I92u2A9KooaP4x9UiZTz2pW2jUUHcyIPNvr7TPcXjIIoKhi8sy8K1rr7Ce40MnPaPaz2dQPSSczumIFfg6jXKgo00vHvc7X5D”\"}}}"}}
[debug] [2021-02-23T21:13:52.402Z] [runtime-status] [32330] firebase-functions has been stubbed. {"functionsResolution":{"declared":true,"installed":true,"version":"3.13.1","resolution":"/Users/anzunk/Documents/github/ecommerce-demo/functions/node_modules/firebase-functions/lib/index.js"}} {"metadata":{"emulator":{"name":"functions"},"message":"[runtime-status] [32330] firebase-functions has been stubbed. {\"functionsResolution\":{\"declared\":true,\"installed\":true,\"version\":\"3.13.1\",\"resolution\":\"/Users/anzunk/Documents/github/ecommerce-demo/functions/node_modules/firebase-functions/lib/index.js\"}}"}}
[debug] [2021-02-23T21:13:52.404Z] [runtime-status] [32330] Resolved module firebase-functions {"declared":true,"installed":true,"version":"3.13.1","resolution":"/Users/anzunk/Documents/github/ecommerce-demo/functions/node_modules/firebase-functions/lib/index.js"} {"metadata":{"emulator":{"name":"functions"},"message":"[runtime-status] [32330] Resolved module firebase-functions {\"declared\":true,\"installed\":true,\"version\":\"3.13.1\",\"resolution\":\"/Users/anzunk/Documents/github/ecommerce-demo/functions/node_modules/firebase-functions/lib/index.js\"}"}}
[debug] [2021-02-23T21:13:52.406Z] [runtime-status] [32330] Resolved module firebase-admin {"declared":true,"installed":true,"version":"9.4.1","resolution":"/Users/anzunk/Documents/github/ecommerce-demo/functions/node_modules/firebase-admin/lib/index.js"} {"metadata":{"emulator":{"name":"functions"},"message":"[runtime-status] [32330] Resolved module firebase-admin {\"declared\":true,\"installed\":true,\"version\":\"9.4.1\",\"resolution\":\"/Users/anzunk/Documents/github/ecommerce-demo/functions/node_modules/firebase-admin/lib/index.js\"}"}}
[debug] [2021-02-23T21:13:52.407Z] [runtime-status] [32330] Resolved module firebase-functions {"declared":true,"installed":true,"version":"3.13.1","resolution":"/Users/anzunk/Documents/github/ecommerce-demo/functions/node_modules/firebase-functions/lib/index.js"} {"metadata":{"emulator":{"name":"functions"},"message":"[runtime-status] [32330] Resolved module firebase-functions {\"declared\":true,\"installed\":true,\"version\":\"3.13.1\",\"resolution\":\"/Users/anzunk/Documents/github/ecommerce-demo/functions/node_modules/firebase-functions/lib/index.js\"}"}}
[debug] [2021-02-23T21:13:52.407Z] [runtime-status] [32330] firebase-admin has been stubbed. {"adminResolution":{"declared":true,"installed":true,"version":"9.4.1","resolution":"/Users/anzunk/Documents/github/ecommerce-demo/functions/node_modules/firebase-admin/lib/index.js"}} {"metadata":{"emulator":{"name":"functions"},"message":"[runtime-status] [32330] firebase-admin has been stubbed. {\"adminResolution\":{\"declared\":true,\"installed\":true,\"version\":\"9.4.1\",\"resolution\":\"/Users/anzunk/Documents/github/ecommerce-demo/functions/node_modules/firebase-admin/lib/index.js\"}}"}}
[debug] [2021-02-23T21:13:53.039Z] [worker-~diagnostic~-cb28d6c3-d241-421f-864f-506825b34292]: IDLE {"metadata":{"emulator":{"name":"functions"},"message":"[worker-~diagnostic~-cb28d6c3-d241-421f-864f-506825b34292]: IDLE"}}
[info] ✔  functions[retrievePaymentMethod]: http function initialized (http://localhost:5001/ecommerce-demo-84728/us-central1/retrievePaymentMethod). {"metadata":{"emulator":{"name":"functions"},"message":"\u001b[1mhttp\u001b[22m function initialized (http://localhost:5001/ecommerce-demo-84728/us-central1/retrievePaymentMethod)."}}
[info] ✔  functions[stripeCustomer]: http function initialized (http://localhost:5001/ecommerce-demo-84728/us-central1/stripeCustomer). {"metadata":{"emulator":{"name":"functions"},"message":"\u001b[1mhttp\u001b[22m function initialized (http://localhost:5001/ecommerce-demo-84728/us-central1/stripeCustomer)."}}
[info] ✔  functions[updatePaymentMethod]: http function initialized (http://localhost:5001/ecommerce-demo-84728/us-central1/updatePaymentMethod). {"metadata":{"emulator":{"name":"functions"},"message":"\u001b[1mhttp\u001b[22m function initialized (http://localhost:5001/ecommerce-demo-84728/us-central1/updatePaymentMethod)."}}
[info] ✔  functions[paymentIntent]: http function initialized (http://localhost:5001/ecommerce-demo-84728/us-central1/paymentIntent). {"metadata":{"emulator":{"name":"functions"},"message":"\u001b[1mhttp\u001b[22m function initialized (http://localhost:5001/ecommerce-demo-84728/us-central1/paymentIntent)."}}
[info] 
┌────────────────────────────────────────────────────────────────┐
│ ✔  All emulators ready! View status and logs at localhost:4014 │
└────────────────────────────────────────────────────────────────┘

┌───────────┬────────────────┬──────────────────────────┐
│ Emulator  │ Host:Port      │ View in Emulator UI      │
├───────────┼────────────────┼──────────────────────────┤
│ Functions │ localhost:5001 │ localhost:4014/functions │
└───────────┴────────────────┴──────────────────────────┘
  Other reserved ports: 4400, 4500

Issues? Report them at https://github.com/firebase/firebase-tools/issues and attach the *-debug.log files.
 
